<?xml version="1.0" encoding="UTF-8"?>
<testsuite name="com.sds.toasterlibrary.ExampleUnitTest" tests="1" skipped="0" failures="0" errors="0" timestamp="2023-11-07T13:07:42" hostname="GT00SDSn335385M" time="0.008">
  <properties/>
  <testcase name="addition_isCorrect" classname="com.sds.toasterlibrary.ExampleUnitTest" time="0.008"/>
  <system-out><![CDATA[]]></system-out>
  <system-err><![CDATA[]]></system-err>
</testsuite>
